Info: Starting: Create block symbol file (.bsf)
Info: qsys-generate /home/dsdlab/FP8-Accelerator/fpga/system.qsys --block-symbol-file --output-directory=/home/dsdlab/FP8-Accelerator/fpga/system --family="Cyclone V" --part=5CSEMA5F31C6
Progress: Loading fpga/system.qsys
Progress: Reading input file
Progress: Adding clk_0 [clock_source 25.1]
Progress: Parameterizing module clk_0
Progress: Adding hps_0 [altera_hps 25.1]
Progress: Parameterizing module hps_0
Progress: Adding vfp8_controller [vfp8_controller 1.0]
Progress: Parameterizing module vfp8_controller
Progress: Building connections
Progress: Parameterizing connections
Progress: Validating
Progress: Done reading input file
Info: system.hps_0: HPS Main PLL counter settings: n = 0  m = 73
Info: system.hps_0: HPS peripherial PLL counter settings: n = 0  m = 39
Warning: system.hps_0: "Configuration/HPS-to-FPGA user 0 clock frequency" (desired_cfg_clk_mhz) requested 100.0 MHz, but only achieved 97.368421 MHz
Warning: system.hps_0: 1 or more output clock frequencies cannot be achieved precisely, consider revising desired output clock frequencies.
Warning: system.hps_0: HPS model no longer supports simulation for HPS FPGA Bridges.
Warning: system.hps_0: ODT is disabled. Enabling ODT (Mode Register 1) may improve signal integrity
Warning: system.hps_0: set_interface_assignment: Interface "hps_io" does not exist
Warning: system.hps_0: hps_0.h2f_mpu_events must be exported, or connected to a matching conduit.
Info: qsys-generate succeeded.
Info: Finished: Create block symbol file (.bsf)
Info: 
Info: Starting: Create HDL design files for synthesis
Info: qsys-generate /home/dsdlab/FP8-Accelerator/fpga/system.qsys --synthesis=VERILOG --output-directory=/home/dsdlab/FP8-Accelerator/fpga/system/synthesis --family="Cyclone V" --part=5CSEMA5F31C6
Progress: Loading fpga/system.qsys
Progress: Reading input file
Progress: Adding clk_0 [clock_source 25.1]
Progress: Parameterizing module clk_0
Progress: Adding hps_0 [altera_hps 25.1]
Progress: Parameterizing module hps_0
Progress: Adding vfp8_controller [vfp8_controller 1.0]
Progress: Parameterizing module vfp8_controller
Progress: Building connections
Progress: Parameterizing connections
Progress: Validating
Progress: Done reading input file
Info: system.hps_0: HPS Main PLL counter settings: n = 0  m = 73
Info: system.hps_0: HPS peripherial PLL counter settings: n = 0  m = 39
Warning: system.hps_0: "Configuration/HPS-to-FPGA user 0 clock frequency" (desired_cfg_clk_mhz) requested 100.0 MHz, but only achieved 97.368421 MHz
Warning: system.hps_0: 1 or more output clock frequencies cannot be achieved precisely, consider revising desired output clock frequencies.
Warning: system.hps_0: HPS model no longer supports simulation for HPS FPGA Bridges.
Warning: system.hps_0: ODT is disabled. Enabling ODT (Mode Register 1) may improve signal integrity
Warning: system.hps_0: set_interface_assignment: Interface "hps_io" does not exist
Warning: system.hps_0: hps_0.h2f_mpu_events must be exported, or connected to a matching conduit.
Info: system: Generating "system" for QUARTUS_SYNTH
Info: Interconnect is inserted between master hps_0.h2f_axi_master and slave vfp8_controller.trx_interface because the master is of type axi and the slave is of type avalon.
Info: hps_0: "Running  for module: hps_0"
Info: hps_0: HPS Main PLL counter settings: n = 0  m = 73
Info: hps_0: HPS peripherial PLL counter settings: n = 0  m = 39
Warning: hps_0: "Configuration/HPS-to-FPGA user 0 clock frequency" (desired_cfg_clk_mhz) requested 100.0 MHz, but only achieved 97.368421 MHz
Warning: hps_0: 1 or more output clock frequencies cannot be achieved precisely, consider revising desired output clock frequencies.
Warning: hps_0: HPS model no longer supports simulation for HPS FPGA Bridges.
Warning: hps_0: ODT is disabled. Enabling ODT (Mode Register 1) may improve signal integrity
Warning: hps_0: set_interface_assignment: Interface "hps_io" does not exist
Info: hps_0: "system" instantiated altera_hps "hps_0"
Info: vfp8_controller: "system" instantiated vfp8_controller "vfp8_controller"
Info: avalon_st_adapter: Inserting error_adapter: error_adapter_0
Info: mm_interconnect_0: "system" instantiated altera_mm_interconnect "mm_interconnect_0"
Info: rst_controller: "system" instantiated altera_reset_controller "rst_controller"
Info: fpga_interfaces: "hps_0" instantiated altera_interface_generator "fpga_interfaces"
Info: hps_io: "hps_0" instantiated altera_hps_io "hps_io"
Info: vfp8_controller_trx_interface_translator: "mm_interconnect_0" instantiated altera_merlin_slave_translator "vfp8_controller_trx_interface_translator"
Info: hps_0_h2f_axi_master_agent: "mm_interconnect_0" instantiated altera_merlin_axi_master_ni "hps_0_h2f_axi_master_agent"
Info: vfp8_controller_trx_interface_agent: "mm_interconnect_0" instantiated altera_merlin_slave_agent "vfp8_controller_trx_interface_agent"
Info: vfp8_controller_trx_interface_agent_rsp_fifo: "mm_interconnect_0" instantiated altera_avalon_sc_fifo "vfp8_controller_trx_interface_agent_rsp_fifo"
Info: router: "mm_interconnect_0" instantiated altera_merlin_router "router"
Info: router_002: "mm_interconnect_0" instantiated altera_merlin_router "router_002"
Info: vfp8_controller_trx_interface_burst_adapter: "mm_interconnect_0" instantiated altera_merlin_burst_adapter "vfp8_controller_trx_interface_burst_adapter"
Info: Reusing file /home/dsdlab/FP8-Accelerator/fpga/system/synthesis/submodules/altera_merlin_address_alignment.sv
Info: cmd_demux: "mm_interconnect_0" instantiated altera_merlin_demultiplexer "cmd_demux"
Info: cmd_mux: "mm_interconnect_0" instantiated altera_merlin_multiplexer "cmd_mux"
Info: rsp_demux: "mm_interconnect_0" instantiated altera_merlin_demultiplexer "rsp_demux"
Info: rsp_mux: "mm_interconnect_0" instantiated altera_merlin_multiplexer "rsp_mux"
Info: Reusing file /home/dsdlab/FP8-Accelerator/fpga/system/synthesis/submodules/altera_merlin_arbitrator.sv
Info: avalon_st_adapter: "mm_interconnect_0" instantiated altera_avalon_st_adapter "avalon_st_adapter"
Info: border: "hps_io" instantiated altera_interface_generator "border"
Info: error_adapter_0: "avalon_st_adapter" instantiated error_adapter "error_adapter_0"
Info: system: Done "system" with 21 modules, 77 files
Info: qsys-generate succeeded.
Info: Finished: Create HDL design files for synthesis
