Info: Starting: Create block symbol file (.bsf)
Info: qsys-generate /home/dsdlab/DSD-Miniproject/fpga/av_led_cntl.qsys --block-symbol-file --output-directory=/home/dsdlab/DSD-Miniproject/fpga/av_led_cntl --family="Cyclone V" --part=5CSEMA5F31C6
Progress: Loading fpga/av_led_cntl.qsys
Progress: Reading input file
Progress: Adding avalon_led_periph_0 [avalon_led_periph 1.0]
Progress: Parameterizing module avalon_led_periph_0
Progress: Adding clk_0 [clock_source 25.1]
Progress: Parameterizing module clk_0
Progress: Adding hps_0 [altera_hps 25.1]
Progress: Parameterizing module hps_0
Progress: Building connections
Progress: Parameterizing connections
Progress: Validating
Progress: Done reading input file
Info: av_led_cntl.hps_0: HPS Main PLL counter settings: n = 0  m = 73
Info: av_led_cntl.hps_0: HPS peripherial PLL counter settings: n = 0  m = 39
Warning: av_led_cntl.hps_0: "Configuration/HPS-to-FPGA user 0 clock frequency" (desired_cfg_clk_mhz) requested 100.0 MHz, but only achieved 97.368421 MHz
Warning: av_led_cntl.hps_0: 1 or more output clock frequencies cannot be achieved precisely, consider revising desired output clock frequencies.
Warning: av_led_cntl.hps_0: HPS model no longer supports simulation for HPS FPGA Bridges.
Warning: av_led_cntl.hps_0: set_interface_assignment: Interface "hps_io" does not exist
Info: qsys-generate succeeded.
Info: Finished: Create block symbol file (.bsf)
Info: 
Info: Starting: Create HDL design files for synthesis
Info: qsys-generate /home/dsdlab/DSD-Miniproject/fpga/av_led_cntl.qsys --synthesis=VERILOG --output-directory=/home/dsdlab/DSD-Miniproject/fpga/av_led_cntl/synthesis --family="Cyclone V" --part=5CSEMA5F31C6
Progress: Loading fpga/av_led_cntl.qsys
Progress: Reading input file
Progress: Adding avalon_led_periph_0 [avalon_led_periph 1.0]
Progress: Parameterizing module avalon_led_periph_0
Progress: Adding clk_0 [clock_source 25.1]
Progress: Parameterizing module clk_0
Progress: Adding hps_0 [altera_hps 25.1]
Progress: Parameterizing module hps_0
Progress: Building connections
Progress: Parameterizing connections
Progress: Validating
Progress: Done reading input file
Info: av_led_cntl.hps_0: HPS Main PLL counter settings: n = 0  m = 73
Info: av_led_cntl.hps_0: HPS peripherial PLL counter settings: n = 0  m = 39
Warning: av_led_cntl.hps_0: "Configuration/HPS-to-FPGA user 0 clock frequency" (desired_cfg_clk_mhz) requested 100.0 MHz, but only achieved 97.368421 MHz
Warning: av_led_cntl.hps_0: 1 or more output clock frequencies cannot be achieved precisely, consider revising desired output clock frequencies.
Warning: av_led_cntl.hps_0: HPS model no longer supports simulation for HPS FPGA Bridges.
Warning: av_led_cntl.hps_0: set_interface_assignment: Interface "hps_io" does not exist
Info: av_led_cntl: Generating "av_led_cntl" for QUARTUS_SYNTH
Info: Interconnect is inserted between master hps_0.h2f_lw_axi_master and slave avalon_led_periph_0.a_led_controller because the master is of type axi and the slave is of type avalon.
Info: avalon_led_periph_0: "av_led_cntl" instantiated avalon_led_periph "avalon_led_periph_0"
Info: hps_0: "Running  for module: hps_0"
Info: hps_0: HPS Main PLL counter settings: n = 0  m = 73
Info: hps_0: HPS peripherial PLL counter settings: n = 0  m = 39
Warning: hps_0: "Configuration/HPS-to-FPGA user 0 clock frequency" (desired_cfg_clk_mhz) requested 100.0 MHz, but only achieved 97.368421 MHz
Warning: hps_0: 1 or more output clock frequencies cannot be achieved precisely, consider revising desired output clock frequencies.
Warning: hps_0: HPS model no longer supports simulation for HPS FPGA Bridges.
Warning: hps_0: set_interface_assignment: Interface "hps_io" does not exist
Info: hps_0: "av_led_cntl" instantiated altera_hps "hps_0"
Info: avalon_st_adapter: Inserting error_adapter: error_adapter_0
Info: mm_interconnect_0: "av_led_cntl" instantiated altera_mm_interconnect "mm_interconnect_0"
Info: rst_controller: "av_led_cntl" instantiated altera_reset_controller "rst_controller"
Info: fpga_interfaces: "hps_0" instantiated altera_interface_generator "fpga_interfaces"
Info: hps_io: "hps_0" instantiated altera_hps_io "hps_io"
Info: avalon_led_periph_0_a_led_controller_translator: "mm_interconnect_0" instantiated altera_merlin_slave_translator "avalon_led_periph_0_a_led_controller_translator"
Info: hps_0_h2f_lw_axi_master_agent: "mm_interconnect_0" instantiated altera_merlin_axi_master_ni "hps_0_h2f_lw_axi_master_agent"
Info: avalon_led_periph_0_a_led_controller_agent: "mm_interconnect_0" instantiated altera_merlin_slave_agent "avalon_led_periph_0_a_led_controller_agent"
Info: avalon_led_periph_0_a_led_controller_agent_rsp_fifo: "mm_interconnect_0" instantiated altera_avalon_sc_fifo "avalon_led_periph_0_a_led_controller_agent_rsp_fifo"
Info: router: "mm_interconnect_0" instantiated altera_merlin_router "router"
Info: router_002: "mm_interconnect_0" instantiated altera_merlin_router "router_002"
Info: avalon_led_periph_0_a_led_controller_burst_adapter: "mm_interconnect_0" instantiated altera_merlin_burst_adapter "avalon_led_periph_0_a_led_controller_burst_adapter"
Info: Reusing file /home/dsdlab/DSD-Miniproject/fpga/av_led_cntl/synthesis/submodules/altera_merlin_address_alignment.sv
Info: cmd_demux: "mm_interconnect_0" instantiated altera_merlin_demultiplexer "cmd_demux"
Info: cmd_mux: "mm_interconnect_0" instantiated altera_merlin_multiplexer "cmd_mux"
Info: rsp_demux: "mm_interconnect_0" instantiated altera_merlin_demultiplexer "rsp_demux"
Info: rsp_mux: "mm_interconnect_0" instantiated altera_merlin_multiplexer "rsp_mux"
Info: Reusing file /home/dsdlab/DSD-Miniproject/fpga/av_led_cntl/synthesis/submodules/altera_merlin_arbitrator.sv
Info: avalon_led_periph_0_a_led_controller_rsp_width_adapter: "mm_interconnect_0" instantiated altera_merlin_width_adapter "avalon_led_periph_0_a_led_controller_rsp_width_adapter"
Info: Reusing file /home/dsdlab/DSD-Miniproject/fpga/av_led_cntl/synthesis/submodules/altera_merlin_address_alignment.sv
Info: Reusing file /home/dsdlab/DSD-Miniproject/fpga/av_led_cntl/synthesis/submodules/altera_merlin_burst_uncompressor.sv
Info: avalon_st_adapter: "mm_interconnect_0" instantiated altera_avalon_st_adapter "avalon_st_adapter"
Info: border: "hps_io" instantiated altera_interface_generator "border"
Info: error_adapter_0: "avalon_st_adapter" instantiated error_adapter "error_adapter_0"
Info: av_led_cntl: Done "av_led_cntl" with 22 modules, 77 files
Info: qsys-generate succeeded.
Info: Finished: Create HDL design files for synthesis
