Flow report for led_controller
Tue Mar 10 16:35:17 2026
Quartus Prime Version 25.1std.0 Build 1129 10/21/2025 SC Lite Edition


---------------------
; Table of Contents ;
---------------------
  1. Legal Notice
  2. Flow Summary
  3. Flow Settings
  4. Flow Non-Default Global Settings
  5. Flow Elapsed Time
  6. Flow OS Summary
  7. Flow Log
  8. Flow Messages
  9. Flow Suppressed Messages



----------------
; Legal Notice ;
----------------
Copyright (C) 2025  Altera Corporation. All rights reserved.
Your use of Altera Corporation's design tools, logic functions 
and other software and tools, and any partner logic 
functions, and any output files from any of the foregoing 
(including device programming or simulation files), and any 
associated documentation or information are expressly subject 
to the terms and conditions of the Altera Program License 
Subscription Agreement, the Altera Quartus Prime License Agreement,
the Altera IP License Agreement, or other applicable license
agreement, including, without limitation, that your use is for
the sole purpose of programming logic devices manufactured by
Altera and sold by Altera or its authorized distributors.  Please
refer to the Altera Software License Subscription Agreements 
on the Quartus Prime software download page.



+-----------------------------------------------------------------------------------+
; Flow Summary                                                                      ;
+---------------------------------+-------------------------------------------------+
; Flow Status                     ; Successful - Tue Mar 10 16:34:56 2026           ;
; Quartus Prime Version           ; 25.1std.0 Build 1129 10/21/2025 SC Lite Edition ;
; Revision Name                   ; led_controller                                  ;
; Top-level Entity Name           ; led_controller                                  ;
; Family                          ; Cyclone V                                       ;
; Device                          ; 5CSEMA5F31C6                                    ;
; Timing Models                   ; Final                                           ;
; Logic utilization (in ALMs)     ; 189 / 32,070 ( < 1 % )                          ;
; Total registers                 ; 408                                             ;
; Total pins                      ; 132 / 457 ( 29 % )                              ;
; Total virtual pins              ; 0                                               ;
; Total block memory bits         ; 0 / 4,065,280 ( 0 % )                           ;
; Total DSP Blocks                ; 0 / 87 ( 0 % )                                  ;
; Total HSSI RX PCSs              ; 0                                               ;
; Total HSSI PMA RX Deserializers ; 0                                               ;
; Total HSSI TX PCSs              ; 0                                               ;
; Total HSSI PMA TX Serializers   ; 0                                               ;
; Total PLLs                      ; 0 / 6 ( 0 % )                                   ;
; Total DLLs                      ; 1 / 4 ( 25 % )                                  ;
+---------------------------------+-------------------------------------------------+


+-----------------------------------------+
; Flow Settings                           ;
+-------------------+---------------------+
; Option            ; Setting             ;
+-------------------+---------------------+
; Start date & time ; 03/10/2026 16:31:17 ;
; Main task         ; Compilation         ;
; Revision Name     ; led_controller      ;
+-------------------+---------------------+


+----------------------------------------------------------------------------------------------------------------------------------------------------------------------------------+
; Flow Non-Default Global Settings                                                                                                                                                 ;
+---------------------------------------+---------------------------------------------------------------------------+---------------+---------------------------------+------------+
; Assignment Name                       ; Value                                                                     ; Default Value ; Entity Name                     ; Section Id ;
+---------------------------------------+---------------------------------------------------------------------------+---------------+---------------------------------+------------+
; COMPILER_SIGNATURE_ID                 ; 49410865330684.177314047729265                                            ; --            ; --                              ; --         ;
; ECO_REGENERATE_REPORT                 ; On                                                                        ; Off           ; --                              ; --         ;
; HPS_ISW_FILE                          ; av_led_cntl/synthesis/submodules/sequencer/sequencer_defines.pre.h        ; --            ; av_led_cntl_hps_0_hps_io_border ; --         ;
; HPS_ISW_FILE                          ; av_led_cntl/synthesis/submodules/sequencer/system.pre.h                   ; --            ; av_led_cntl_hps_0_hps_io_border ; --         ;
; HPS_ISW_FILE                          ; av_led_cntl/synthesis/submodules/sequencer/tclrpt.pre.c                   ; --            ; av_led_cntl_hps_0_hps_io_border ; --         ;
; HPS_ISW_FILE                          ; av_led_cntl/synthesis/submodules/sequencer/alt_types.pre.h                ; --            ; av_led_cntl_hps_0_hps_io_border ; --         ;
; HPS_ISW_FILE                          ; av_led_cntl/synthesis/submodules/sequencer/sequencer_auto_inst_init.pre.c ; --            ; av_led_cntl_hps_0_hps_io_border ; --         ;
; HPS_ISW_FILE                          ; av_led_cntl/synthesis/submodules/sequencer/sequencer.pre.c                ; --            ; av_led_cntl_hps_0_hps_io_border ; --         ;
; HPS_ISW_FILE                          ; av_led_cntl/synthesis/submodules/sequencer/sequencer_auto.pre.h           ; --            ; av_led_cntl_hps_0_hps_io_border ; --         ;
; HPS_ISW_FILE                          ; av_led_cntl/synthesis/submodules/sequencer/sequencer.pre.h                ; --            ; av_led_cntl_hps_0_hps_io_border ; --         ;
; HPS_ISW_FILE                          ; av_led_cntl/synthesis/submodules/sequencer/sdram_io.pre.h                 ; --            ; av_led_cntl_hps_0_hps_io_border ; --         ;
; HPS_ISW_FILE                          ; av_led_cntl/synthesis/submodules/sequencer/tclrpt.pre.h                   ; --            ; av_led_cntl_hps_0_hps_io_border ; --         ;
; HPS_ISW_FILE                          ; av_led_cntl/synthesis/submodules/sequencer/emif.pre.xml                   ; --            ; av_led_cntl_hps_0_hps_io_border ; --         ;
; HPS_ISW_FILE                          ; av_led_cntl/synthesis/submodules/sequencer/sequencer_auto_ac_init.pre.c   ; --            ; av_led_cntl_hps_0_hps_io_border ; --         ;
; HPS_ISW_FILE                          ; av_led_cntl/synthesis/submodules/hps.pre.xml                              ; --            ; av_led_cntl_hps_0_hps_io_border ; --         ;
; HPS_PARTITION                         ; On                                                                        ; --            ; av_led_cntl_hps_0_hps_io_border ; --         ;
; MAX_CORE_JUNCTION_TEMP                ; 85                                                                        ; --            ; --                              ; --         ;
; MIN_CORE_JUNCTION_TEMP                ; 0                                                                         ; --            ; --                              ; --         ;
; MISC_FILE                             ; av_led_cntl/synthesis/../av_led_cntl.cmp                                  ; --            ; --                              ; --         ;
; MISC_FILE                             ; av_led_cntl/synthesis/av_led_cntl_hps_0_hps.svd                           ; --            ; --                              ; --         ;
; MISC_FILE                             ; av_led_cntl/synthesis/../../av_led_cntl.qsys                              ; --            ; --                              ; --         ;
; MISC_FILE                             ; av_led_cntl/synthesis/submodules/sequencer/sequencer_defines.pre.h        ; --            ; --                              ; --         ;
; MISC_FILE                             ; av_led_cntl/synthesis/submodules/sequencer/system.pre.h                   ; --            ; --                              ; --         ;
; MISC_FILE                             ; av_led_cntl/synthesis/submodules/sequencer/tclrpt.pre.c                   ; --            ; --                              ; --         ;
; MISC_FILE                             ; av_led_cntl/synthesis/submodules/sequencer/alt_types.pre.h                ; --            ; --                              ; --         ;
; MISC_FILE                             ; av_led_cntl/synthesis/submodules/sequencer/sequencer_auto_inst_init.pre.c ; --            ; --                              ; --         ;
; MISC_FILE                             ; av_led_cntl/synthesis/submodules/sequencer/sequencer.pre.c                ; --            ; --                              ; --         ;
; MISC_FILE                             ; av_led_cntl/synthesis/submodules/sequencer/sequencer_auto.pre.h           ; --            ; --                              ; --         ;
; MISC_FILE                             ; av_led_cntl/synthesis/submodules/sequencer/sequencer.pre.h                ; --            ; --                              ; --         ;
; MISC_FILE                             ; av_led_cntl/synthesis/submodules/sequencer/sdram_io.pre.h                 ; --            ; --                              ; --         ;
; MISC_FILE                             ; av_led_cntl/synthesis/submodules/sequencer/tclrpt.pre.h                   ; --            ; --                              ; --         ;
; MISC_FILE                             ; av_led_cntl/synthesis/submodules/sequencer/emif.pre.xml                   ; --            ; --                              ; --         ;
; MISC_FILE                             ; av_led_cntl/synthesis/submodules/sequencer/sequencer_auto_ac_init.pre.c   ; --            ; --                              ; --         ;
; MISC_FILE                             ; av_led_cntl/synthesis/submodules/hps.pre.xml                              ; --            ; --                              ; --         ;
; PARTITION_COLOR                       ; -- (Not supported for targeted family)                                    ; --            ; --                              ; Top        ;
; PARTITION_FITTER_PRESERVATION_LEVEL   ; -- (Not supported for targeted family)                                    ; --            ; --                              ; Top        ;
; PARTITION_NETLIST_TYPE                ; -- (Not supported for targeted family)                                    ; --            ; --                              ; Top        ;
; POWER_BOARD_THERMAL_MODEL             ; None (CONSERVATIVE)                                                       ; --            ; --                              ; --         ;
; POWER_PRESET_COOLING_SOLUTION         ; 23 MM HEAT SINK WITH 200 LFPM AIRFLOW                                     ; --            ; --                              ; --         ;
; PROJECT_OUTPUT_DIRECTORY              ; output_files                                                              ; --            ; --                              ; --         ;
; SLD_FILE                              ; av_led_cntl/synthesis/av_led_cntl.regmap                                  ; --            ; --                              ; --         ;
; SLD_FILE                              ; av_led_cntl/synthesis/av_led_cntl.debuginfo                               ; --            ; --                              ; --         ;
; SLD_INFO                              ; QSYS_NAME av_led_cntl HAS_SOPCINFO 1 GENERATION_ID 1773139922             ; --            ; av_led_cntl                     ; --         ;
; SOPCINFO_FILE                         ; av_led_cntl/synthesis/../../av_led_cntl.sopcinfo                          ; --            ; --                              ; --         ;
; SYNTHESIS_ONLY_QIP                    ; On                                                                        ; --            ; --                              ; --         ;
; USE_DLL_FREQUENCY_FOR_DQS_DELAY_CHAIN ; On                                                                        ; Off           ; --                              ; --         ;
+---------------------------------------+---------------------------------------------------------------------------+---------------+---------------------------------+------------+


+--------------------------------------------------------------------------------------------------------------------------+
; Flow Elapsed Time                                                                                                        ;
+----------------------+--------------+-------------------------+---------------------+------------------------------------+
; Module Name          ; Elapsed Time ; Average Processors Used ; Peak Virtual Memory ; Total CPU Time (on all processors) ;
+----------------------+--------------+-------------------------+---------------------+------------------------------------+
; Analysis & Synthesis ; 00:00:11     ; 1.0                     ; 636 MB              ; 00:00:18                           ;
; Fitter               ; 00:00:49     ; 1.1                     ; 2677 MB             ; 00:01:15                           ;
; Assembler            ; 00:00:08     ; 1.0                     ; 558 MB              ; 00:00:07                           ;
; Timing Analyzer      ; 00:00:20     ; 1.1                     ; 1257 MB             ; 00:00:20                           ;
; Total                ; 00:01:28     ; --                      ; --                  ; 00:02:00                           ;
+----------------------+--------------+-------------------------+---------------------+------------------------------------+


+---------------------------------------------------------------------------------+
; Flow OS Summary                                                                 ;
+----------------------+------------------+---------+------------+----------------+
; Module Name          ; Machine Hostname ; OS Name ; OS Version ; Processor type ;
+----------------------+------------------+---------+------------+----------------+
; Analysis & Synthesis ; dsd3             ; Ubuntu  ; 24         ; x86_64         ;
; Fitter               ; dsd3             ; Ubuntu  ; 24         ; x86_64         ;
; Assembler            ; dsd3             ; Ubuntu  ; 24         ; x86_64         ;
; Timing Analyzer      ; dsd3             ; Ubuntu  ; 24         ; x86_64         ;
+----------------------+------------------+---------+------------+----------------+


------------
; Flow Log ;
------------
quartus_map --read_settings_files=on --write_settings_files=off led_controller -c led_controller
quartus_fit --read_settings_files=off --write_settings_files=off led_controller -c led_controller
quartus_asm --read_settings_files=off --write_settings_files=off led_controller -c led_controller
quartus_sta led_controller -c led_controller



